[lmpixels.com/demo/breezycv/dark/3/index.html]
[backblue.gif]
[fade.gif]
[index.html]
[lmpixels.com/demo/breezycv/dark/3/favicon.ico]
[lmpixels.com/demo/breezycv/dark/3/css/reset.css]
[lmpixels.com/demo/breezycv/dark/3/css/bootstrap-grid.min.css]
[lmpixels.com/demo/breezycv/dark/3/css/animations.css]
[lmpixels.com/demo/breezycv/dark/3/css/perfect-scrollbar.css]
[lmpixels.com/demo/breezycv/dark/3/css/owl.carousel.css]
[lmpixels.com/demo/breezycv/dark/3/css/magnific-popup.css]
[lmpixels.com/demo/breezycv/dark/3/css/main.css]
[lmpixels.com/demo/breezycv/dark/3/js/modernizr.custom.js]
[lmpixels.com/demo/breezycv/dark/3/img/main_bg.png]
[lmpixels.com/demo/breezycv/dark/3/img/main_photo.jpg]
[lmpixels.com/demo/breezycv/dark/3/img/testimonials/testimonial-1.jpg]
[lmpixels.com/demo/breezycv/dark/3/img/testimonials/testimonial-2.jpg]
[lmpixels.com/demo/breezycv/dark/3/img/testimonials/testimonial-3.jpg]
[lmpixels.com/demo/breezycv/dark/3/img/clients/client-1.png]
[lmpixels.com/demo/breezycv/dark/3/img/clients/client-2.png]
[lmpixels.com/demo/breezycv/dark/3/img/clients/client-3.png]
[lmpixels.com/demo/breezycv/dark/3/img/clients/client-4.png]
[lmpixels.com/demo/breezycv/dark/3/img/clients/client-5.png]
[lmpixels.com/demo/breezycv/dark/3/img/clients/client-6.png]
[lmpixels.com/demo/breezycv/dark/3/img/clients/client-7.png]
[lmpixels.com/demo/breezycv/dark/3/img/portfolio/1.jpg]
[lmpixels.com/demo/breezycv/dark/3/img/portfolio/2.jpg]
[lmpixels.com/demo/breezycv/dark/3/portfolio-1.html]
[lmpixels.com/demo/breezycv/dark/3/img/portfolio/3.jpg]
[lmpixels.com/demo/breezycv/dark/3/img/portfolio/4.jpg]
[lmpixels.com/demo/breezycv/dark/3/img/portfolio/5.jpg]
[lmpixels.com/demo/breezycv/dark/3/img/portfolio/full/5.jpg]
[lmpixels.com/demo/breezycv/dark/3/img/portfolio/6.jpg]
[lmpixels.com/demo/breezycv/dark/3/blog-post-1.html]
[lmpixels.com/demo/breezycv/dark/3/img/blog/blog_post_1.jpg]
[lmpixels.com/demo/breezycv/dark/3/img/blog/blog_post_2.jpg]
[lmpixels.com/demo/breezycv/dark/3/img/blog/blog_post_3.jpg]
[lmpixels.com/demo/breezycv/dark/3/img/blog/blog_post_4.jpg]
[lmpixels.com/cdn-cgi/scripts/5c5dd728/cloudflare-static/email-decode.min.js]
[lmpixels.com/demo/breezycv/dark/3/js/jquery-2.1.3.min.js]
[lmpixels.com/demo/breezycv/dark/3/js/animating.js]
[lmpixels.com/demo/breezycv/dark/3/js/imagesloaded.pkgd.min.js]
[www.google.com/recaptcha/api.js]
[lmpixels.com/demo/breezycv/dark/3/js/perfect-scrollbar.min.js]
[lmpixels.com/demo/breezycv/dark/3/js/jquery.shuffle.min.js]
[lmpixels.com/demo/breezycv/dark/3/js/masonry.pkgd.min.js]
[lmpixels.com/demo/breezycv/dark/3/js/owl.carousel.min.js]
[lmpixels.com/demo/breezycv/dark/3/js/jquery.magnific-popup.min.js]
[lmpixels.com/demo/breezycv/dark/3/js/jquery.googlemap.js]
[lmpixels.com/demo/breezycv/dark/3/js/validator.js]
[lmpixels.com/demo/breezycv/dark/3/index.html]
[lmpixels.com/demo/breezycv/dark/3/css/reset.css]
[lmpixels.com/demo/breezycv/dark/3/css/bootstrap-grid.min.css]
[lmpixels.com/demo/breezycv/dark/3/css/animations.css]
[lmpixels.com/demo/breezycv/dark/3/css/perfect-scrollbar.css]
[lmpixels.com/demo/breezycv/dark/3/js/main.js]
[lmpixels.com/demo/breezycv/dark/3/css/owl.carousel.css]
[lmpixels.com/demo/breezycv/dark/3/css/magnific-popup.css]
[lmpixels.com/demo/breezycv/dark/3/css/fonts/linear-icons-font/style.css]
[lmpixels.com/demo/breezycv/dark/3/css/main.css]
[lmpixels.com/demo/breezycv/dark/3/css/fonts/fontawesome-free-5.12.1-web/css/all.min.css]
[lmpixels.com/demo/breezycv/dark/3/portfolio-3.html]
[lmpixels.com/demo/breezycv/dark/3/portfolio-2.html]
[lmpixels.com/demo/breezycv/dark/3/img/portfolio/full/1.jpg]
[lmpixels.com/demo/breezycv/dark/3/img/portfolio/full/2.jpg]
[lmpixels.com/demo/breezycv/dark/3/img/portfolio/full/3.jpg]
[lmpixels.com/demo/breezycv/dark/3/portfolio-1.html]
[lmpixels.com/demo/breezycv/dark/3/img/blog/blog_post_1_full.jpg]
[lmpixels.com/demo/breezycv/dark/3/blog-post-1.html]
[lmpixels.com/demo/breezycv/dark/3/css/fonts/linear-icons-font/fonts/Linearicons-Free54e9.eot]
[lmpixels.com/demo/breezycv/dark/3/css/fonts/linear-icons-font/fonts/Linearicons-Freed41d.eot]
[lmpixels.com/demo/breezycv/dark/3/css/fonts/linear-icons-font/fonts/Linearicons-Free54e9.woff2]
[lmpixels.com/demo/breezycv/dark/3/css/fonts/linear-icons-font/fonts/Linearicons-Free54e9.woff]
[lmpixels.com/demo/breezycv/dark/3/css/fonts/linear-icons-font/fonts/Linearicons-Free54e9.ttf]
[lmpixels.com/demo/breezycv/dark/3/css/fonts/linear-icons-font/style.css]
[lmpixels.com/demo/breezycv/dark/3/css/fonts/linear-icons-font/fonts/Linearicons-Free54e9.svg]
[lmpixels.com/demo/breezycv/dark/3/css/fonts/fontawesome-free-5.12.1-web/webfonts/fa-brands-400.eot]
[lmpixels.com/demo/breezycv/dark/3/css/fonts/fontawesome-free-5.12.1-web/webfonts/fa-brands-400d41d.eot]
[lmpixels.com/demo/breezycv/dark/3/css/fonts/fontawesome-free-5.12.1-web/webfonts/fa-brands-400.woff2]
[lmpixels.com/demo/breezycv/dark/3/css/fonts/fontawesome-free-5.12.1-web/webfonts/fa-brands-400.woff]
[lmpixels.com/demo/breezycv/dark/3/css/fonts/fontawesome-free-5.12.1-web/webfonts/fa-brands-400.ttf]
[lmpixels.com/demo/breezycv/dark/3/css/fonts/fontawesome-free-5.12.1-web/webfonts/fa-brands-400.svg]
[lmpixels.com/demo/breezycv/dark/3/css/fonts/fontawesome-free-5.12.1-web/webfonts/fa-regular-400.eot]
[lmpixels.com/demo/breezycv/dark/3/css/fonts/fontawesome-free-5.12.1-web/webfonts/fa-regular-400d41d.eot]
[lmpixels.com/demo/breezycv/dark/3/css/fonts/fontawesome-free-5.12.1-web/webfonts/fa-regular-400.woff2]
[lmpixels.com/demo/breezycv/dark/3/css/fonts/fontawesome-free-5.12.1-web/webfonts/fa-regular-400.woff]
[lmpixels.com/demo/breezycv/dark/3/css/fonts/fontawesome-free-5.12.1-web/webfonts/fa-regular-400.ttf]
[lmpixels.com/demo/breezycv/dark/3/css/fonts/fontawesome-free-5.12.1-web/webfonts/fa-regular-400.svg]
[lmpixels.com/demo/breezycv/dark/3/css/fonts/fontawesome-free-5.12.1-web/webfonts/fa-solid-900.eot]
[lmpixels.com/demo/breezycv/dark/3/css/fonts/fontawesome-free-5.12.1-web/webfonts/fa-solid-900d41d.eot]
[lmpixels.com/demo/breezycv/dark/3/css/fonts/fontawesome-free-5.12.1-web/webfonts/fa-solid-900.woff2]
[lmpixels.com/demo/breezycv/dark/3/css/fonts/fontawesome-free-5.12.1-web/webfonts/fa-solid-900.woff]
[lmpixels.com/demo/breezycv/dark/3/css/fonts/fontawesome-free-5.12.1-web/webfonts/fa-solid-900.ttf]
[lmpixels.com/demo/breezycv/dark/3/css/fonts/fontawesome-free-5.12.1-web/css/all.min.css]
[lmpixels.com/demo/breezycv/dark/3/portfolio-3.html]
[lmpixels.com/demo/breezycv/dark/3/portfolio-2.html]
[lmpixels.com/demo/breezycv/dark/3/css/fonts/linear-icons-font/fonts/Linearicons-Free54e9.svg]
[lmpixels.com/demo/breezycv/dark/3/css/fonts/fontawesome-free-5.12.1-web/webfonts/fa-brands-400.svg]
[lmpixels.com/demo/breezycv/dark/3/css/fonts/fontawesome-free-5.12.1-web/webfonts/fa-regular-400.svg]
[lmpixels.com/demo/breezycv/dark/3/css/fonts/fontawesome-free-5.12.1-web/webfonts/fa-solid-900.svg]
[lmpixels.com/demo/breezycv/dark/3/css/fonts/fontawesome-free-5.12.1-web/webfonts/fa-solid-900.svg]
